<?xml version="1.0" encoding="UTF-8"?>
<!-- Generated by org.testng.reporters.JUnitReportReporter -->
<testsuite hostname="LAPTOP-AGIT55IM" failures="0" tests="4" name="com.demoblaze.test.DemoBlaze_TestRunner" time="16.146" errors="0" timestamp="2024-10-11T17:32:22 EEST" skipped="0">
  <testcase classname="com.demoblaze.test.DemoBlaze_TestRunner" name="navigateToHomePage" time="0.028"/>
  <system-out/>
  <testcase classname="com.demoblaze.test.DemoBlaze_TestRunner" name="user_Login" time="4.793"/>
  <system-out/>
  <testcase classname="com.demoblaze.test.DemoBlaze_TestRunner" name="addProductToCart" time="4.840"/>
  <system-out/>
  <testcase classname="com.demoblaze.test.DemoBlaze_TestRunner" name="placeOrder" time="6.485"/>
  <system-out/>
</testsuite> <!-- com.demoblaze.test.DemoBlaze_TestRunner -->
